running egg_info
creating ../../build/waypoint_nav_pkg/waypoint_nav_pkg.egg-info
writing ../../build/waypoint_nav_pkg/waypoint_nav_pkg.egg-info/PKG-INFO
writing dependency_links to ../../build/waypoint_nav_pkg/waypoint_nav_pkg.egg-info/dependency_links.txt
writing entry points to ../../build/waypoint_nav_pkg/waypoint_nav_pkg.egg-info/entry_points.txt
writing requirements to ../../build/waypoint_nav_pkg/waypoint_nav_pkg.egg-info/requires.txt
writing top-level names to ../../build/waypoint_nav_pkg/waypoint_nav_pkg.egg-info/top_level.txt
writing manifest file '../../build/waypoint_nav_pkg/waypoint_nav_pkg.egg-info/SOURCES.txt'
reading manifest file '../../build/waypoint_nav_pkg/waypoint_nav_pkg.egg-info/SOURCES.txt'
writing manifest file '../../build/waypoint_nav_pkg/waypoint_nav_pkg.egg-info/SOURCES.txt'
running build
running build_py
creating /home/choi/sim_ws/build/waypoint_nav_pkg/build
creating /home/choi/sim_ws/build/waypoint_nav_pkg/build/lib
creating /home/choi/sim_ws/build/waypoint_nav_pkg/build/lib/waypoint_nav_pkg
copying waypoint_nav_pkg/__init__.py -> /home/choi/sim_ws/build/waypoint_nav_pkg/build/lib/waypoint_nav_pkg
copying waypoint_nav_pkg/go_to_waypoints.py -> /home/choi/sim_ws/build/waypoint_nav_pkg/build/lib/waypoint_nav_pkg
running install
running install_lib
creating /home/choi/sim_ws/install/waypoint_nav_pkg/lib/python3.10/site-packages/waypoint_nav_pkg
copying /home/choi/sim_ws/build/waypoint_nav_pkg/build/lib/waypoint_nav_pkg/__init__.py -> /home/choi/sim_ws/install/waypoint_nav_pkg/lib/python3.10/site-packages/waypoint_nav_pkg
copying /home/choi/sim_ws/build/waypoint_nav_pkg/build/lib/waypoint_nav_pkg/go_to_waypoints.py -> /home/choi/sim_ws/install/waypoint_nav_pkg/lib/python3.10/site-packages/waypoint_nav_pkg
byte-compiling /home/choi/sim_ws/install/waypoint_nav_pkg/lib/python3.10/site-packages/waypoint_nav_pkg/__init__.py to __init__.cpython-310.pyc
byte-compiling /home/choi/sim_ws/install/waypoint_nav_pkg/lib/python3.10/site-packages/waypoint_nav_pkg/go_to_waypoints.py to go_to_waypoints.cpython-310.pyc
running install_data
creating /home/choi/sim_ws/install/waypoint_nav_pkg/share/ament_index
creating /home/choi/sim_ws/install/waypoint_nav_pkg/share/ament_index/resource_index
creating /home/choi/sim_ws/install/waypoint_nav_pkg/share/ament_index/resource_index/packages
copying resource/waypoint_nav_pkg -> /home/choi/sim_ws/install/waypoint_nav_pkg/share/ament_index/resource_index/packages
copying package.xml -> /home/choi/sim_ws/install/waypoint_nav_pkg/share/waypoint_nav_pkg
running install_egg_info
Copying ../../build/waypoint_nav_pkg/waypoint_nav_pkg.egg-info to /home/choi/sim_ws/install/waypoint_nav_pkg/lib/python3.10/site-packages/waypoint_nav_pkg-0.0.0-py3.10.egg-info
running install_scripts
Installing go_to_waypoints script to /home/choi/sim_ws/install/waypoint_nav_pkg/lib/waypoint_nav_pkg
writing list of installed files to '/home/choi/sim_ws/build/waypoint_nav_pkg/install.log'
