[0.315s] Invoking command in '/home/choi/sim_ws/src/waypoint_nav_pkg': PYTHONPATH=/home/choi/sim_ws/build/waypoint_nav_pkg/prefix_override:/usr/lib/python3/dist-packages/colcon_core/task/python/colcon_distutils_commands:/home/choi/sim_ws/install/waypoint_nav_pkg/lib/python3.10/site-packages:${PYTHONPATH} /usr/bin/python3 -W ignore:setup.py install is deprecated -W ignore:easy_install command is deprecated setup.py egg_info --egg-base ../../build/waypoint_nav_pkg build --build-base /home/choi/sim_ws/build/waypoint_nav_pkg/build install --record /home/choi/sim_ws/build/waypoint_nav_pkg/install.log --single-version-externally-managed install_data
[0.436s] running egg_info
[0.436s] creating ../../build/waypoint_nav_pkg/waypoint_nav_pkg.egg-info
[0.436s] writing ../../build/waypoint_nav_pkg/waypoint_nav_pkg.egg-info/PKG-INFO
[0.437s] writing dependency_links to ../../build/waypoint_nav_pkg/waypoint_nav_pkg.egg-info/dependency_links.txt
[0.437s] writing entry points to ../../build/waypoint_nav_pkg/waypoint_nav_pkg.egg-info/entry_points.txt
[0.437s] writing requirements to ../../build/waypoint_nav_pkg/waypoint_nav_pkg.egg-info/requires.txt
[0.437s] writing top-level names to ../../build/waypoint_nav_pkg/waypoint_nav_pkg.egg-info/top_level.txt
[0.437s] writing manifest file '../../build/waypoint_nav_pkg/waypoint_nav_pkg.egg-info/SOURCES.txt'
[0.438s] reading manifest file '../../build/waypoint_nav_pkg/waypoint_nav_pkg.egg-info/SOURCES.txt'
[0.438s] writing manifest file '../../build/waypoint_nav_pkg/waypoint_nav_pkg.egg-info/SOURCES.txt'
[0.438s] running build
[0.438s] running build_py
[0.438s] creating /home/choi/sim_ws/build/waypoint_nav_pkg/build
[0.438s] creating /home/choi/sim_ws/build/waypoint_nav_pkg/build/lib
[0.438s] creating /home/choi/sim_ws/build/waypoint_nav_pkg/build/lib/waypoint_nav_pkg
[0.438s] copying waypoint_nav_pkg/__init__.py -> /home/choi/sim_ws/build/waypoint_nav_pkg/build/lib/waypoint_nav_pkg
[0.438s] copying waypoint_nav_pkg/go_to_waypoints.py -> /home/choi/sim_ws/build/waypoint_nav_pkg/build/lib/waypoint_nav_pkg
[0.438s] running install
[0.438s] running install_lib
[0.439s] creating /home/choi/sim_ws/install/waypoint_nav_pkg/lib/python3.10/site-packages/waypoint_nav_pkg
[0.439s] copying /home/choi/sim_ws/build/waypoint_nav_pkg/build/lib/waypoint_nav_pkg/__init__.py -> /home/choi/sim_ws/install/waypoint_nav_pkg/lib/python3.10/site-packages/waypoint_nav_pkg
[0.439s] copying /home/choi/sim_ws/build/waypoint_nav_pkg/build/lib/waypoint_nav_pkg/go_to_waypoints.py -> /home/choi/sim_ws/install/waypoint_nav_pkg/lib/python3.10/site-packages/waypoint_nav_pkg
[0.439s] byte-compiling /home/choi/sim_ws/install/waypoint_nav_pkg/lib/python3.10/site-packages/waypoint_nav_pkg/__init__.py to __init__.cpython-310.pyc
[0.439s] byte-compiling /home/choi/sim_ws/install/waypoint_nav_pkg/lib/python3.10/site-packages/waypoint_nav_pkg/go_to_waypoints.py to go_to_waypoints.cpython-310.pyc
[0.439s] running install_data
[0.439s] creating /home/choi/sim_ws/install/waypoint_nav_pkg/share/ament_index
[0.439s] creating /home/choi/sim_ws/install/waypoint_nav_pkg/share/ament_index/resource_index
[0.439s] creating /home/choi/sim_ws/install/waypoint_nav_pkg/share/ament_index/resource_index/packages
[0.439s] copying resource/waypoint_nav_pkg -> /home/choi/sim_ws/install/waypoint_nav_pkg/share/ament_index/resource_index/packages
[0.439s] copying package.xml -> /home/choi/sim_ws/install/waypoint_nav_pkg/share/waypoint_nav_pkg
[0.439s] running install_egg_info
[0.440s] Copying ../../build/waypoint_nav_pkg/waypoint_nav_pkg.egg-info to /home/choi/sim_ws/install/waypoint_nav_pkg/lib/python3.10/site-packages/waypoint_nav_pkg-0.0.0-py3.10.egg-info
[0.441s] running install_scripts
[0.451s] Installing go_to_waypoints script to /home/choi/sim_ws/install/waypoint_nav_pkg/lib/waypoint_nav_pkg
[0.452s] writing list of installed files to '/home/choi/sim_ws/build/waypoint_nav_pkg/install.log'
[0.462s] Invoked command in '/home/choi/sim_ws/src/waypoint_nav_pkg' returned '0': PYTHONPATH=/home/choi/sim_ws/build/waypoint_nav_pkg/prefix_override:/usr/lib/python3/dist-packages/colcon_core/task/python/colcon_distutils_commands:/home/choi/sim_ws/install/waypoint_nav_pkg/lib/python3.10/site-packages:${PYTHONPATH} /usr/bin/python3 -W ignore:setup.py install is deprecated -W ignore:easy_install command is deprecated setup.py egg_info --egg-base ../../build/waypoint_nav_pkg build --build-base /home/choi/sim_ws/build/waypoint_nav_pkg/build install --record /home/choi/sim_ws/build/waypoint_nav_pkg/install.log --single-version-externally-managed install_data
