running egg_info
writing ../../build/waypoint_nav_pkg/waypoint_nav_pkg.egg-info/PKG-INFO
writing dependency_links to ../../build/waypoint_nav_pkg/waypoint_nav_pkg.egg-info/dependency_links.txt
writing entry points to ../../build/waypoint_nav_pkg/waypoint_nav_pkg.egg-info/entry_points.txt
writing requirements to ../../build/waypoint_nav_pkg/waypoint_nav_pkg.egg-info/requires.txt
writing top-level names to ../../build/waypoint_nav_pkg/waypoint_nav_pkg.egg-info/top_level.txt
reading manifest file '../../build/waypoint_nav_pkg/waypoint_nav_pkg.egg-info/SOURCES.txt'
writing manifest file '../../build/waypoint_nav_pkg/waypoint_nav_pkg.egg-info/SOURCES.txt'
running build
running build_py
copying waypoint_nav_pkg/go_to_waypoints.py -> /home/choi/sim_ws/build/waypoint_nav_pkg/build/lib/waypoint_nav_pkg
running install
running install_lib
copying /home/choi/sim_ws/build/waypoint_nav_pkg/build/lib/waypoint_nav_pkg/go_to_waypoints.py -> /home/choi/sim_ws/install/waypoint_nav_pkg/lib/python3.10/site-packages/waypoint_nav_pkg
byte-compiling /home/choi/sim_ws/install/waypoint_nav_pkg/lib/python3.10/site-packages/waypoint_nav_pkg/go_to_waypoints.py to go_to_waypoints.cpython-310.pyc
running install_data
running install_egg_info
removing '/home/choi/sim_ws/install/waypoint_nav_pkg/lib/python3.10/site-packages/waypoint_nav_pkg-0.0.0-py3.10.egg-info' (and everything under it)
Copying ../../build/waypoint_nav_pkg/waypoint_nav_pkg.egg-info to /home/choi/sim_ws/install/waypoint_nav_pkg/lib/python3.10/site-packages/waypoint_nav_pkg-0.0.0-py3.10.egg-info
running install_scripts
Installing go_to_waypoints script to /home/choi/sim_ws/install/waypoint_nav_pkg/lib/waypoint_nav_pkg
writing list of installed files to '/home/choi/sim_ws/build/waypoint_nav_pkg/install.log'
