[0.314s] Invoking command in '/home/choi/nav2/src/waypoint_nav_pkg': PYTHONPATH=/home/choi/nav2/build/waypoint_nav_pkg/prefix_override:/usr/lib/python3/dist-packages/colcon_core/task/python/colcon_distutils_commands:/home/choi/nav2/install/waypoint_nav_pkg/lib/python3.10/site-packages:${PYTHONPATH} /usr/bin/python3 -W ignore:setup.py install is deprecated -W ignore:easy_install command is deprecated setup.py egg_info --egg-base ../../build/waypoint_nav_pkg build --build-base /home/choi/nav2/build/waypoint_nav_pkg/build install --record /home/choi/nav2/build/waypoint_nav_pkg/install.log --single-version-externally-managed install_data
[0.443s] running egg_info
[0.443s] writing ../../build/waypoint_nav_pkg/waypoint_nav_pkg.egg-info/PKG-INFO
[0.443s] writing dependency_links to ../../build/waypoint_nav_pkg/waypoint_nav_pkg.egg-info/dependency_links.txt
[0.443s] writing entry points to ../../build/waypoint_nav_pkg/waypoint_nav_pkg.egg-info/entry_points.txt
[0.443s] writing requirements to ../../build/waypoint_nav_pkg/waypoint_nav_pkg.egg-info/requires.txt
[0.443s] writing top-level names to ../../build/waypoint_nav_pkg/waypoint_nav_pkg.egg-info/top_level.txt
[0.444s] reading manifest file '../../build/waypoint_nav_pkg/waypoint_nav_pkg.egg-info/SOURCES.txt'
[0.445s] writing manifest file '../../build/waypoint_nav_pkg/waypoint_nav_pkg.egg-info/SOURCES.txt'
[0.445s] running build
[0.445s] running build_py
[0.445s] running install
[0.445s] running install_lib
[0.445s] running install_data
[0.446s] running install_egg_info
[0.446s] removing '/home/choi/nav2/install/waypoint_nav_pkg/lib/python3.10/site-packages/waypoint_nav_pkg-0.0.0-py3.10.egg-info' (and everything under it)
[0.447s] Copying ../../build/waypoint_nav_pkg/waypoint_nav_pkg.egg-info to /home/choi/nav2/install/waypoint_nav_pkg/lib/python3.10/site-packages/waypoint_nav_pkg-0.0.0-py3.10.egg-info
[0.447s] running install_scripts
[0.457s] Installing go_to_waypoints script to /home/choi/nav2/install/waypoint_nav_pkg/lib/waypoint_nav_pkg
[0.457s] writing list of installed files to '/home/choi/nav2/build/waypoint_nav_pkg/install.log'
[0.468s] Invoked command in '/home/choi/nav2/src/waypoint_nav_pkg' returned '0': PYTHONPATH=/home/choi/nav2/build/waypoint_nav_pkg/prefix_override:/usr/lib/python3/dist-packages/colcon_core/task/python/colcon_distutils_commands:/home/choi/nav2/install/waypoint_nav_pkg/lib/python3.10/site-packages:${PYTHONPATH} /usr/bin/python3 -W ignore:setup.py install is deprecated -W ignore:easy_install command is deprecated setup.py egg_info --egg-base ../../build/waypoint_nav_pkg build --build-base /home/choi/nav2/build/waypoint_nav_pkg/build install --record /home/choi/nav2/build/waypoint_nav_pkg/install.log --single-version-externally-managed install_data
